==51442== Memcheck, a memory error detector
==51442== Copyright (C) 2002-2017, and GNU GPL'd, by Julian Seward et al.
==51442== Using Valgrind-3.15.0 and LibVEX; rerun with -h for copyright info
==51442== Command: ./so_long maps/map.ber
==51442== Parent PID: 34396
==51442== 
==51442== 
==51442== HEAP SUMMARY:
==51442==     in use at exit: 288,426 bytes in 2,773 blocks
==51442==   total heap usage: 183,266 allocs, 180,493 frees, 38,617,626 bytes allocated
==51442== 
==51442== LEAK SUMMARY:
==51442==    definitely lost: 0 bytes in 0 blocks
==51442==    indirectly lost: 0 bytes in 0 blocks
==51442==      possibly lost: 0 bytes in 0 blocks
==51442==    still reachable: 288,426 bytes in 2,773 blocks
==51442==         suppressed: 0 bytes in 0 blocks
==51442== Rerun with --leak-check=full to see details of leaked memory
==51442== 
==51442== For lists of detected and suppressed errors, rerun with: -s
==51442== ERROR SUMMARY: 0 errors from 0 contexts (suppressed: 2 from 2)
